xph5/h5demo_h5/build/outputs/logs/manifest-merger-debug-report.txt
-- Merging decision tree log ---
manifest
ADDED from src\main\AndroidManifest.xml:2:1-135:12
INJECTED from src\main\AndroidManifest.xml:2:1-135:12
INJECTED from src\main\AndroidManifest.xml:2:1-135:12
MERGED from [:h5module_h5] AndroidManifest.xml:2:1-11:12
MERGED from [GDTActionSDK.min.1.6.4.aar] AndroidManifest.xml:2:1-11:12
MERGED from [open_ad_sdk.aar] AndroidManifest.xml:2:1-124:12
MERGED from [RangersAppLog-Lite-cn-3.3.12.aar] AndroidManifest.xml:2:1-24:12
MERGED from [:h5sdk] AndroidManifest.xml:2:1-11:12
MERGED from [miit_mdid_1.0.13.aar] AndroidManifest.xml:1:1-10:12
MERGED from [com.tencent.bugly:crashreport:3.2.33] AndroidManifest.xml:2:1-9:12
MERGED from [:soutil] AndroidManifest.xml:2:1-11:12
MERGED from [com.android.support:multidex:1.0.0] AndroidManifest.xml:16:1-19:12
MERGED from [com.android.support:support-v4:26.1.0] AndroidManifest.xml:17:1-31:12
MERGED from [com.android.support:support-media-compat:26.1.0] AndroidManifest.xml:17:1-31:12
MERGED from [com.android.support:support-fragment:26.1.0] AndroidManifest.xml:17:1-31:12
MERGED from [com.android.support:support-core-utils:26.1.0] AndroidManifest.xml:17:1-31:12
MERGED from [com.android.support:support-core-ui:26.1.0] AndroidManifest.xml:17:1-31:12
MERGED from [com.android.support:support-compat:26.1.0] AndroidManifest.xml:17:1-31:12
MERGED from [android.arch.lifecycle:runtime:1.0.0] AndroidManifest.xml:17:1-30:12
INJECTED from src\main\AndroidManifest.xml:2:1-135:12
INJECTED from src\main\AndroidManifest.xml:2:1-135:12
	package
		ADDED from src\main\AndroidManifest.xml:4:5-33
	android:versionName
		INJECTED from src\main\AndroidManifest.xml
		ADDED from src\main\AndroidManifest.xml:2:1-135:12
		INJECTED from src\main\AndroidManifest.xml
	xmlns:tools
		ADDED from src\main\AndroidManifest.xml:3:5-51
	android:versionCode
		INJECTED from src\main\AndroidManifest.xml
		ADDED from src\main\AndroidManifest.xml:2:1-135:12
		INJECTED from src\main\AndroidManifest.xml
	xmlns:android
		ADDED from src\main\AndroidManifest.xml:2:11-69
	tools:ignore
		ADDED from src\main\AndroidManifest.xml:5:5-43
uses-permission#android.permission.INTERNET
ADDED from src\main\AndroidManifest.xml:8:5-67
MERGED from [open_ad_sdk.aar] AndroidManifest.xml:18:5-67
MERGED from [open_ad_sdk.aar] AndroidManifest.xml:18:5-67
MERGED from [RangersAppLog-Lite-cn-3.3.12.aar] AndroidManifest.xml:14:5-67
MERGED from [RangersAppLog-Lite-cn-3.3.12.aar] AndroidManifest.xml:14:5-67
MERGED from [miit_mdid_1.0.13.aar] AndroidManifest.xml:6:5-67
MERGED from [miit_mdid_1.0.13.aar] AndroidManifest.xml:6:5-67
	android:name
		ADDED from src\main\AndroidManifest.xml:8:22-64
uses-permission#android.permission.ACCESS_NETWORK_STATE
ADDED from src\main\AndroidManifest.xml:10:5-79
MERGED from [open_ad_sdk.aar] AndroidManifest.xml:13:5-79
MERGED from [open_ad_sdk.aar] AndroidManifest.xml:13:5-79
MERGED from [RangersAppLog-Lite-cn-3.3.12.aar] AndroidManifest.xml:13:5-79
MERGED from [RangersAppLog-Lite-cn-3.3.12.aar] AndroidManifest.xml:13:5-79
MERGED from [miit_mdid_1.0.13.aar] AndroidManifest.xml:4:5-79
MERGED from [miit_mdid_1.0.13.aar] AndroidManifest.xml:4:5-79
	android:name
		ADDED from src\main\AndroidManifest.xml:10:22-76
uses-permission#android.permission.CHANGE_NETWORK_STATE
ADDED from src\main\AndroidManifest.xml:12:5-79
	android:name
		ADDED from src\main\AndroidManifest.xml:12:22-76
uses-permission#android.permission.WRITE_EXTERNAL_STORAGE
ADDED from src\main\AndroidManifest.xml:14:5-81
MERGED from [open_ad_sdk.aar] AndroidManifest.xml:14:5-81
MERGED from [open_ad_sdk.aar] AndroidManifest.xml:14:5-81
MERGED from [RangersAppLog-Lite-cn-3.3.12.aar] AndroidManifest.xml:15:5-81
MERGED from [RangersAppLog-Lite-cn-3.3.12.aar] AndroidManifest.xml:15:5-81
	android:name
		ADDED from src\main\AndroidManifest.xml:14:22-78
uses-permission#android.permission.READ_PHONE_STATE
ADDED from src\main\AndroidManifest.xml:16:5-75
MERGED from [open_ad_sdk.aar] AndroidManifest.xml:19:5-75
MERGED from [open_ad_sdk.aar] AndroidManifest.xml:19:5-75
MERGED from [RangersAppLog-Lite-cn-3.3.12.aar] AndroidManifest.xml:11:5-75
MERGED from [RangersAppLog-Lite-cn-3.3.12.aar] AndroidManifest.xml:11:5-75
MERGED from [miit_mdid_1.0.13.aar] AndroidManifest.xml:5:5-75
MERGED from [miit_mdid_1.0.13.aar] AndroidManifest.xml:5:5-75
	android:name
		ADDED from src\main\AndroidManifest.xml:16:22-72
uses-permission#android.permission.ACCESS_WIFI_STATE
ADDED from src\main\AndroidManifest.xml:18:5-76
MERGED from [RangersAppLog-Lite-cn-3.3.12.aar] AndroidManifest.xml:12:5-76
MERGED from [RangersAppLog-Lite-cn-3.3.12.aar] AndroidManifest.xml:12:5-76
	android:name
		ADDED from src\main\AndroidManifest.xml:18:22-73
uses-permission#android.permission.NFC
ADDED from src\main\AndroidManifest.xml:20:5-62
	android:name
		ADDED from src\main\AndroidManifest.xml:20:22-59
uses-permission#org.simalliance.openmobileapi.SMARTCARD
ADDED from src\main\AndroidManifest.xml:22:5-79
	android:name
		ADDED from src\main\AndroidManifest.xml:22:22-76
uses-permission#android.permission.VIBRATE
ADDED from src\main\AndroidManifest.xml:24:5-66
	android:name
		ADDED from src\main\AndroidManifest.xml:24:22-63
uses-permission#android.permission.READ_EXTERNAL_STORAGE
ADDED from src\main\AndroidManifest.xml:26:5-80
MERGED from [open_ad_sdk.aar] AndroidManifest.xml:16:5-88
	android:name
		ADDED from src\main\AndroidManifest.xml:26:22-77
uses-permission#android.permission.WAKE_LOCK
ADDED from src\main\AndroidManifest.xml:28:5-68
	android:name
		ADDED from src\main\AndroidManifest.xml:28:22-65
uses-permission#android.permission.ACCESS_COARSE_LOCATION
ADDED from src\main\AndroidManifest.xml:30:5-81
	android:name
		ADDED from src\main\AndroidManifest.xml:30:22-78
uses-permission#android.permission.REQUEST_INSTALL_PACKAGES
ADDED from src\main\AndroidManifest.xml:31:5-83
	android:name
		ADDED from src\main\AndroidManifest.xml:31:22-80
uses-permission#android.permission.ACCESS_FINE_LOCATION
ADDED from src\main\AndroidManifest.xml:32:5-79
	android:name
		ADDED from src\main\AndroidManifest.xml:32:22-76
uses-permission#android.permission.GET_TASKS
ADDED from src\main\AndroidManifest.xml:33:5-68
	android:name
		ADDED from src\main\AndroidManifest.xml:33:22-65
application
ADDED from src\main\AndroidManifest.xml:35:5-133:19
MERGED from [open_ad_sdk.aar] AndroidManifest.xml:21:5-122:19
MERGED from [open_ad_sdk.aar] AndroidManifest.xml:21:5-122:19
MERGED from [RangersAppLog-Lite-cn-3.3.12.aar] AndroidManifest.xml:17:5-22:19
MERGED from [RangersAppLog-Lite-cn-3.3.12.aar] AndroidManifest.xml:17:5-22:19
MERGED from [com.android.support:support-v4:26.1.0] AndroidManifest.xml:25:5-29:19
MERGED from [com.android.support:support-v4:26.1.0] AndroidManifest.xml:25:5-29:19
MERGED from [com.android.support:support-media-compat:26.1.0] AndroidManifest.xml:25:5-29:19
MERGED from [com.android.support:support-media-compat:26.1.0] AndroidManifest.xml:25:5-29:19
MERGED from [com.android.support:support-fragment:26.1.0] AndroidManifest.xml:25:5-29:19
MERGED from [com.android.support:support-fragment:26.1.0] AndroidManifest.xml:25:5-29:19
MERGED from [com.android.support:support-core-utils:26.1.0] AndroidManifest.xml:25:5-29:19
MERGED from [com.android.support:support-core-utils:26.1.0] AndroidManifest.xml:25:5-29:19
MERGED from [com.android.support:support-core-ui:26.1.0] AndroidManifest.xml:25:5-29:19
MERGED from [com.android.support:support-core-ui:26.1.0] AndroidManifest.xml:25:5-29:19
MERGED from [com.android.support:support-compat:26.1.0] AndroidManifest.xml:25:5-29:19
MERGED from [com.android.support:support-compat:26.1.0] AndroidManifest.xml:25:5-29:19
MERGED from [android.arch.lifecycle:runtime:1.0.0] AndroidManifest.xml:24:5-28:19
MERGED from [android.arch.lifecycle:runtime:1.0.0] AndroidManifest.xml:24:5-28:19
	android:label
		ADDED from src\main\AndroidManifest.xml:39:9-41
	android:icon
		ADDED from src\main\AndroidManifest.xml:38:9-45
	android:allowBackup
		ADDED from src\main\AndroidManifest.xml:37:9-35
	android:theme
		ADDED from src\main\AndroidManifest.xml:40:9-42
	android:usesCleartextTraffic
		ADDED from [open_ad_sdk.aar] AndroidManifest.xml:23:9-44
	android:name
		ADDED from src\main\AndroidManifest.xml:36:9-55
activity#com.xipu.h5.sdk.ui.SplashActivity
ADDED from src\main\AndroidManifest.xml:41:9-52:20
	android:screenOrientation
		ADDED from src\main\AndroidManifest.xml:45:13-55
	android:label
		ADDED from src\main\AndroidManifest.xml:44:13-45
	android:configChanges
		ADDED from src\main\AndroidManifest.xml:43:13-74
	android:theme
		ADDED from src\main\AndroidManifest.xml:46:13-77
	android:name
		ADDED from src\main\AndroidManifest.xml:42:13-61
intent-filter#action:name:android.intent.action.MAIN+category:name:android.intent.category.LAUNCHER
ADDED from src\main\AndroidManifest.xml:47:13-51:29
action#android.intent.action.MAIN
ADDED from src\main\AndroidManifest.xml:48:17-69
	android:name
		ADDED from src\main\AndroidManifest.xml:48:25-66
category#android.intent.category.LAUNCHER
ADDED from src\main\AndroidManifest.xml:50:17-77
	android:name
		ADDED from src\main\AndroidManifest.xml:50:27-74
activity#com.xipu.h5.sdk.ui.BrowserActivity
ADDED from src\main\AndroidManifest.xml:54:9-59:80
	android:screenOrientation
		ADDED from src\main\AndroidManifest.xml:58:13-55
	android:launchMode
		ADDED from src\main\AndroidManifest.xml:57:13-43
	android:configChanges
		ADDED from src\main\AndroidManifest.xml:56:13-74
	android:theme
		ADDED from src\main\AndroidManifest.xml:59:13-77
	android:name
		ADDED from src\main\AndroidManifest.xml:55:13-62
activity#com.xipu.h5.sdk.ui.PermissionsActivity
ADDED from src\main\AndroidManifest.xml:61:9-66:61
	android:screenOrientation
		ADDED from src\main\AndroidManifest.xml:65:13-55
	android:launchMode
		ADDED from src\main\AndroidManifest.xml:64:13-43
	android:configChanges
		ADDED from src\main\AndroidManifest.xml:63:13-74
	android:theme
		ADDED from src\main\AndroidManifest.xml:66:13-58
	android:name
		ADDED from src\main\AndroidManifest.xml:62:13-66
meta-data#unityplayer.SkipPermissionsDialog
ADDED from src\main\AndroidManifest.xml:69:9-71:36
	android:value
		ADDED from src\main\AndroidManifest.xml:71:13-33
	android:name
		ADDED from src\main\AndroidManifest.xml:70:13-61
meta-data#xp_appid
ADDED from src\main\AndroidManifest.xml:74:9-76:64
	android:value
		ADDED from src\main\AndroidManifest.xml:76:13-61
	android:name
		ADDED from src\main\AndroidManifest.xml:75:13-36
meta-data#xp_sdk_type
ADDED from src\main\AndroidManifest.xml:78:9-80:36
	android:value
		ADDED from src\main\AndroidManifest.xml:80:13-33
	android:name
		ADDED from src\main\AndroidManifest.xml:79:13-39
meta-data#xp_jrtt_appname
ADDED from src\main\AndroidManifest.xml:82:9-84:32
	android:value
		ADDED from src\main\AndroidManifest.xml:84:13-29
	android:name
		ADDED from src\main\AndroidManifest.xml:83:13-43
meta-data#xp_jrtt_channel
ADDED from src\main\AndroidManifest.xml:86:9-88:32
	android:value
		ADDED from src\main\AndroidManifest.xml:88:13-29
	android:name
		ADDED from src\main\AndroidManifest.xml:87:13-43
meta-data#xp_use_jrtt
ADDED from src\main\AndroidManifest.xml:90:9-92:37
	android:value
		ADDED from src\main\AndroidManifest.xml:92:13-34
	android:name
		ADDED from src\main\AndroidManifest.xml:91:13-39
meta-data#xp_jrtt_aid
ADDED from src\main\AndroidManifest.xml:94:9-96:38
	android:value
		ADDED from src\main\AndroidManifest.xml:96:13-35
	android:name
		ADDED from src\main\AndroidManifest.xml:95:13-39
meta-data#xp_tuia_advertkey
ADDED from src\main\AndroidManifest.xml:98:9-100:62
	android:value
		ADDED from src\main\AndroidManifest.xml:100:13-59
	android:name
		ADDED from src\main\AndroidManifest.xml:99:13-45
meta-data#xp_gdt_useractionsetid
ADDED from src\main\AndroidManifest.xml:102:9-104:32
	android:value
		ADDED from src\main\AndroidManifest.xml:104:13-29
	android:name
		ADDED from src\main\AndroidManifest.xml:103:13-50
meta-data#xp_gdt_appsecretkey
ADDED from src\main\AndroidManifest.xml:106:9-108:32
	android:value
		ADDED from src\main\AndroidManifest.xml:108:13-29
	android:name
		ADDED from src\main\AndroidManifest.xml:107:13-47
meta-data#xp_ttad_appid
ADDED from src\main\AndroidManifest.xml:110:9-112:32
	android:value
		ADDED from src\main\AndroidManifest.xml:112:13-29
	android:name
		ADDED from src\main\AndroidManifest.xml:111:13-41
meta-data#xp_ttad_appname
ADDED from src\main\AndroidManifest.xml:114:9-116:36
	android:value
		ADDED from src\main\AndroidManifest.xml:116:13-33
	android:name
		ADDED from src\main\AndroidManifest.xml:115:13-43
provider#com.bytedance.sdk.openadsdk.TTFileProvider
ADDED from src\main\AndroidManifest.xml:118:9-126:20
	android:grantUriPermissions
		ADDED from src\main\AndroidManifest.xml:122:13-47
	android:authorities
		ADDED from src\main\AndroidManifest.xml:120:13-68
	android:exported
		ADDED from src\main\AndroidManifest.xml:121:13-37
	android:name
		ADDED from src\main\AndroidManifest.xml:119:13-70
meta-data#android.support.FILE_PROVIDER_PATHS
ADDED from src\main\AndroidManifest.xml:123:13-125:54
	android:resource
		ADDED from src\main\AndroidManifest.xml:125:17-51
	android:name
		ADDED from src\main\AndroidManifest.xml:124:17-67
provider#com.bytedance.sdk.openadsdk.multipro.TTMultiProvider
ADDED from src\main\AndroidManifest.xml:128:9-131:49
	android:authorities
		ADDED from src\main\AndroidManifest.xml:130:13-69
	android:exported
		ADDED from src\main\AndroidManifest.xml:131:13-37
	android:name
		ADDED from src\main\AndroidManifest.xml:129:13-80
uses-sdk
INJECTED from src\main\AndroidManifest.xml reason: use-sdk injection requested
INJECTED from src\main\AndroidManifest.xml
INJECTED from src\main\AndroidManifest.xml
MERGED from [:h5module_h5] AndroidManifest.xml:7:5-9:41
MERGED from [:h5module_h5] AndroidManifest.xml:7:5-9:41
MERGED from [GDTActionSDK.min.1.6.4.aar] AndroidManifest.xml:7:5-9:41
MERGED from [GDTActionSDK.min.1.6.4.aar] AndroidManifest.xml:7:5-9:41
MERGED from [open_ad_sdk.aar] AndroidManifest.xml:8:5-11:591
MERGED from [open_ad_sdk.aar] AndroidManifest.xml:8:5-11:591
MERGED from [RangersAppLog-Lite-cn-3.3.12.aar] AndroidManifest.xml:7:5-9:41
MERGED from [RangersAppLog-Lite-cn-3.3.12.aar] AndroidManifest.xml:7:5-9:41
MERGED from [:h5sdk] AndroidManifest.xml:7:5-9:41
MERGED from [:h5sdk] AndroidManifest.xml:7:5-9:41
MERGED from [com.tencent.bugly:crashreport:3.2.33] AndroidManifest.xml:5:5-7:41
MERGED from [com.tencent.bugly:crashreport:3.2.33] AndroidManifest.xml:5:5-7:41
MERGED from [:soutil] AndroidManifest.xml:7:5-9:41
MERGED from [:soutil] AndroidManifest.xml:7:5-9:41
MERGED from [com.android.support:multidex:1.0.0] AndroidManifest.xml:18:5-42
MERGED from [com.android.support:multidex:1.0.0] AndroidManifest.xml:18:5-42
MERGED from [com.android.support:support-v4:26.1.0] AndroidManifest.xml:21:5-23:54
MERGED from [com.android.support:support-v4:26.1.0] AndroidManifest.xml:21:5-23:54
MERGED from [com.android.support:support-media-compat:26.1.0] AndroidManifest.xml:21:5-23:63
MERGED from [com.android.support:support-media-compat:26.1.0] AndroidManifest.xml:21:5-23:63
MERGED from [com.android.support:support-fragment:26.1.0] AndroidManifest.xml:21:5-23:60
MERGED from [com.android.support:support-fragment:26.1.0] AndroidManifest.xml:21:5-23:60
MERGED from [com.android.support:support-core-utils:26.1.0] AndroidManifest.xml:21:5-23:61
MERGED from [com.android.support:support-core-utils:26.1.0] AndroidManifest.xml:21:5-23:61
MERGED from [com.android.support:support-core-ui:26.1.0] AndroidManifest.xml:21:5-23:58
MERGED from [com.android.support:support-core-ui:26.1.0] AndroidManifest.xml:21:5-23:58
MERGED from [com.android.support:support-compat:26.1.0] AndroidManifest.xml:21:5-23:58
MERGED from [com.android.support:support-compat:26.1.0] AndroidManifest.xml:21:5-23:58
MERGED from [android.arch.lifecycle:runtime:1.0.0] AndroidManifest.xml:20:5-22:41
MERGED from [android.arch.lifecycle:runtime:1.0.0] AndroidManifest.xml:20:5-22:41
INJECTED from src\main\AndroidManifest.xml
INJECTED from src\main\AndroidManifest.xml
	tools:overrideLibrary
		ADDED from [open_ad_sdk.aar] AndroidManifest.xml:11:9-588
	android:targetSdkVersion
		INJECTED from src\main\AndroidManifest.xml
		ADDED from src\main\AndroidManifest.xml
		INJECTED from src\main\AndroidManifest.xml
	android:minSdkVersion
		INJECTED from src\main\AndroidManifest.xml
		ADDED from src\main\AndroidManifest.xml
		INJECTED from src\main\AndroidManifest.xml
android:uses-permission#android.permission.READ_EXTERNAL_STORAGE
MERGED from [open_ad_sdk.aar] AndroidManifest.xml:16:5-88
service#com.ss.android.socialbase.downloader.notification.DownloadNotificationService
ADDED from [open_ad_sdk.aar] AndroidManifest.xml:24:9-113
	android:name
		ADDED from [open_ad_sdk.aar] AndroidManifest.xml:24:18-110
service#com.ss.android.socialbase.downloader.downloader.DownloadService
ADDED from [open_ad_sdk.aar] AndroidManifest.xml:25:9-99
	android:name
		ADDED from [open_ad_sdk.aar] AndroidManifest.xml:25:18-96
service#com.ss.android.socialbase.downloader.downloader.IndependentProcessDownloadService
ADDED from [open_ad_sdk.aar] AndroidManifest.xml:26:9-32:19
	android:process
		ADDED from [open_ad_sdk.aar] AndroidManifest.xml:28:13-42
	android:name
		ADDED from [open_ad_sdk.aar] AndroidManifest.xml:27:13-109
intent-filter#action:name:com.ss.android.socialbase.downloader.remote
ADDED from [open_ad_sdk.aar] AndroidManifest.xml:29:13-31:29
action#com.ss.android.socialbase.downloader.remote
ADDED from [open_ad_sdk.aar] AndroidManifest.xml:30:17-86
	android:name
		ADDED from [open_ad_sdk.aar] AndroidManifest.xml:30:25-83
service#com.ss.android.socialbase.downloader.impls.DownloadHandleService
ADDED from [open_ad_sdk.aar] AndroidManifest.xml:33:9-100
	android:name
		ADDED from [open_ad_sdk.aar] AndroidManifest.xml:33:18-97
service#com.ss.android.socialbase.downloader.impls.RetryJobSchedulerService
ADDED from [open_ad_sdk.aar] AndroidManifest.xml:41:9-45:72
	android:enabled
		ADDED from [open_ad_sdk.aar] AndroidManifest.xml:43:13-35
	android:exported
		ADDED from [open_ad_sdk.aar] AndroidManifest.xml:44:13-36
	android:permission
		ADDED from [open_ad_sdk.aar] AndroidManifest.xml:45:13-69
	android:name
		ADDED from [open_ad_sdk.aar] AndroidManifest.xml:42:13-95
service#com.ss.android.socialbase.downloader.downloader.SqlDownloadCacheService
ADDED from [open_ad_sdk.aar] AndroidManifest.xml:47:9-107
	android:name
		ADDED from [open_ad_sdk.aar] AndroidManifest.xml:47:18-104
service#com.ss.android.socialbase.appdownloader.DownloadHandlerService
ADDED from [open_ad_sdk.aar] AndroidManifest.xml:49:9-98
	android:name
		ADDED from [open_ad_sdk.aar] AndroidManifest.xml:49:18-95
activity#com.ss.android.socialbase.appdownloader.view.DownloadTaskDeleteActivity
ADDED from [open_ad_sdk.aar] AndroidManifest.xml:65:9-68:59
	android:launchMode
		ADDED from [open_ad_sdk.aar] AndroidManifest.xml:67:13-44
	android:theme
		ADDED from [open_ad_sdk.aar] AndroidManifest.xml:68:13-56
	android:name
		ADDED from [open_ad_sdk.aar] AndroidManifest.xml:66:13-99
activity#com.ss.android.socialbase.appdownloader.view.JumpUnknownSourceActivity
ADDED from [open_ad_sdk.aar] AndroidManifest.xml:69:9-72:59
	android:launchMode
		ADDED from [open_ad_sdk.aar] AndroidManifest.xml:71:13-44
	android:theme
		ADDED from [open_ad_sdk.aar] AndroidManifest.xml:72:13-56
	android:name
		ADDED from [open_ad_sdk.aar] AndroidManifest.xml:70:13-98
activity#com.ss.android.downloadlib.activity.TTDelegateActivity
ADDED from [open_ad_sdk.aar] AndroidManifest.xml:73:9-76:75
	android:launchMode
		ADDED from [open_ad_sdk.aar] AndroidManifest.xml:75:13-44
	android:theme
		ADDED from [open_ad_sdk.aar] AndroidManifest.xml:76:13-72
	android:name
		ADDED from [open_ad_sdk.aar] AndroidManifest.xml:74:13-82
receiver#com.ss.android.downloadlib.core.download.DownloadReceiver
ADDED from [open_ad_sdk.aar] AndroidManifest.xml:78:9-94
	android:name
		ADDED from [open_ad_sdk.aar] AndroidManifest.xml:78:19-91
activity#com.bytedance.sdk.openadsdk.activity.TTLandingPageActivity
ADDED from [open_ad_sdk.aar] AndroidManifest.xml:79:9-82:45
	android:launchMode
		ADDED from [open_ad_sdk.aar] AndroidManifest.xml:82:13-42
	android:configChanges
		ADDED from [open_ad_sdk.aar] AndroidManifest.xml:81:13-74
	android:name
		ADDED from [open_ad_sdk.aar] AndroidManifest.xml:80:13-86
activity#com.bytedance.sdk.openadsdk.activity.TTPlayableLandingPageActivity
ADDED from [open_ad_sdk.aar] AndroidManifest.xml:83:9-86:45
	android:launchMode
		ADDED from [open_ad_sdk.aar] AndroidManifest.xml:86:13-42
	android:configChanges
		ADDED from [open_ad_sdk.aar] AndroidManifest.xml:85:13-74
	android:name
		ADDED from [open_ad_sdk.aar] AndroidManifest.xml:84:13-94
activity#com.bytedance.sdk.openadsdk.activity.TTVideoLandingPageActivity
ADDED from [open_ad_sdk.aar] AndroidManifest.xml:87:9-90:45
	android:launchMode
		ADDED from [open_ad_sdk.aar] AndroidManifest.xml:90:13-42
	android:configChanges
		ADDED from [open_ad_sdk.aar] AndroidManifest.xml:89:13-74
	android:name
		ADDED from [open_ad_sdk.aar] AndroidManifest.xml:88:13-91
activity#com.bytedance.sdk.openadsdk.activity.TTRewardVideoActivity
ADDED from [open_ad_sdk.aar] AndroidManifest.xml:91:9-94:45
	android:launchMode
		ADDED from [open_ad_sdk.aar] AndroidManifest.xml:94:13-42
	android:configChanges
		ADDED from [open_ad_sdk.aar] AndroidManifest.xml:93:13-74
	android:name
		ADDED from [open_ad_sdk.aar] AndroidManifest.xml:92:13-86
activity#com.bytedance.sdk.openadsdk.activity.TTRewardExpressVideoActivity
ADDED from [open_ad_sdk.aar] AndroidManifest.xml:95:9-98:45
	android:launchMode
		ADDED from [open_ad_sdk.aar] AndroidManifest.xml:98:13-42
	android:configChanges
		ADDED from [open_ad_sdk.aar] AndroidManifest.xml:97:13-74
	android:name
		ADDED from [open_ad_sdk.aar] AndroidManifest.xml:96:13-93
activity#com.bytedance.sdk.openadsdk.activity.TTFullScreenVideoActivity
ADDED from [open_ad_sdk.aar] AndroidManifest.xml:99:9-102:45
	android:launchMode
		ADDED from [open_ad_sdk.aar] AndroidManifest.xml:102:13-42
	android:configChanges
		ADDED from [open_ad_sdk.aar] AndroidManifest.xml:101:13-74
	android:name
		ADDED from [open_ad_sdk.aar] AndroidManifest.xml:100:13-90
activity#com.bytedance.sdk.openadsdk.activity.TTFullScreenExpressVideoActivity
ADDED from [open_ad_sdk.aar] AndroidManifest.xml:103:9-106:45
	android:launchMode
		ADDED from [open_ad_sdk.aar] AndroidManifest.xml:106:13-42
	android:configChanges
		ADDED from [open_ad_sdk.aar] AndroidManifest.xml:105:13-74
	android:name
		ADDED from [open_ad_sdk.aar] AndroidManifest.xml:104:13-97
activity#com.bytedance.sdk.openadsdk.activity.TTDelegateActivity
ADDED from [open_ad_sdk.aar] AndroidManifest.xml:107:9-110:75
	android:launchMode
		ADDED from [open_ad_sdk.aar] AndroidManifest.xml:109:13-44
	android:theme
		ADDED from [open_ad_sdk.aar] AndroidManifest.xml:110:13-72
	android:name
		ADDED from [open_ad_sdk.aar] AndroidManifest.xml:108:13-83
service#com.bytedance.sdk.openadsdk.multipro.aidl.BinderPoolService
ADDED from [open_ad_sdk.aar] AndroidManifest.xml:112:9-95
	android:name
		ADDED from [open_ad_sdk.aar] AndroidManifest.xml:112:18-92
receiver#com.bytedance.embedapplog.collector.Collector
ADDED from [open_ad_sdk.aar] AndroidManifest.xml:114:9-117:39
	android:enabled
		ADDED from [open_ad_sdk.aar] AndroidManifest.xml:116:13-35
	android:exported
		ADDED from [open_ad_sdk.aar] AndroidManifest.xml:117:13-36
	android:name
		ADDED from [open_ad_sdk.aar] AndroidManifest.xml:115:13-73
service#com.bytedance.tea.crash.upload.CrashUploadService
ADDED from [open_ad_sdk.aar] AndroidManifest.xml:119:9-121:39
	android:process
		ADDED from [open_ad_sdk.aar] AndroidManifest.xml:121:13-36
	android:name
		ADDED from [open_ad_sdk.aar] AndroidManifest.xml:120:13-77
receiver#com.bytedance.applog.collector.Collector
ADDED from [RangersAppLog-Lite-cn-3.3.12.aar] AndroidManifest.xml:18:9-21:39
	android:enabled
		ADDED from [RangersAppLog-Lite-cn-3.3.12.aar] AndroidManifest.xml:20:13-35
	android:exported
		ADDED from [RangersAppLog-Lite-cn-3.3.12.aar] AndroidManifest.xml:21:13-36
	android:name
		ADDED from [RangersAppLog-Lite-cn-3.3.12.aar] AndroidManifest.xml:19:13-68
uses-permission#com.asus.msa.SupplementaryDID.ACCESS
ADDED from [miit_mdid_1.0.13.aar] AndroidManifest.xml:8:5-76
	android:name
		ADDED from [miit_mdid_1.0.13.aar] AndroidManifest.xml:8:22-73
meta-data#android.support.VERSION
ADDED from [com.android.support:support-v4:26.1.0] AndroidManifest.xml:26:9-28:38
MERGED from [com.android.support:support-media-compat:26.1.0] AndroidManifest.xml:26:9-28:38
MERGED from [com.android.support:support-media-compat:26.1.0] AndroidManifest.xml:26:9-28:38
MERGED from [com.android.support:support-fragment:26.1.0] AndroidManifest.xml:26:9-28:38
MERGED from [com.android.support:support-fragment:26.1.0] AndroidManifest.xml:26:9-28:38
MERGED from [com.android.support:support-core-utils:26.1.0] AndroidManifest.xml:26:9-28:38
MERGED from [com.android.support:support-core-utils:26.1.0] AndroidManifest.xml:26:9-28:38
MERGED from [com.android.support:support-core-ui:26.1.0] AndroidManifest.xml:26:9-28:38
MERGED from [com.android.support:support-core-ui:26.1.0] AndroidManifest.xml:26:9-28:38
MERGED from [com.android.support:support-compat:26.1.0] AndroidManifest.xml:26:9-28:38
MERGED from [com.android.support:support-compat:26.1.0] AndroidManifest.xml:26:9-28:38
	android:value
		ADDED from [com.android.support:support-v4:26.1.0] AndroidManifest.xml:28:13-35
	android:name
		ADDED from [com.android.support:support-v4:26.1.0] AndroidManifest.xml:27:13-51
meta-data#android.arch.lifecycle.VERSION
ADDED from [android.arch.lifecycle:runtime:1.0.0] AndroidManifest.xml:25:9-27:47
	android:value
		ADDED from [android.arch.lifecycle:runtime:1.0.0] AndroidManifest.xml:27:13-44
	android:name
		ADDED from [android.arch.lifecycle:runtime:1.0.0] AndroidManifest.xml:26:13-58